actionid: tox
msg: packaging
cmdargs: ['/Users/zt/programming/codefellows/401/assignments/code-katas/ENV/bin/python3', local('/Users/zt/programming/codefellows/401/assignments/code-katas/setup.py'), 'sdist', '--formats=zip', '--dist-dir', local('/Users/zt/programming/codefellows/401/assignments/code-katas/.tox/dist')]

running sdist
running egg_info
writing code_katas.egg-info/PKG-INFO
writing dependency_links to code_katas.egg-info/dependency_links.txt
writing requirements to code_katas.egg-info/requires.txt
writing top-level names to code_katas.egg-info/top_level.txt
file sum_two_lowest_in_array.py (for module sum_two_lowest_in_array) not found
reading manifest file 'code_katas.egg-info/SOURCES.txt'
writing manifest file 'code_katas.egg-info/SOURCES.txt'
warning: sdist: standard file not found: should have one of README, README.rst, README.txt

running check
warning: check: missing required meta-data: url

creating code-katas-0.1
creating code-katas-0.1/code_katas.egg-info
copying files to code-katas-0.1...
copying setup.py -> code-katas-0.1
copying code_katas.egg-info/PKG-INFO -> code-katas-0.1/code_katas.egg-info
copying code_katas.egg-info/SOURCES.txt -> code-katas-0.1/code_katas.egg-info
copying code_katas.egg-info/dependency_links.txt -> code-katas-0.1/code_katas.egg-info
copying code_katas.egg-info/requires.txt -> code-katas-0.1/code_katas.egg-info
copying code_katas.egg-info/top_level.txt -> code-katas-0.1/code_katas.egg-info
Writing code-katas-0.1/setup.cfg
creating '.tox/dist/code-katas-0.1.zip' and adding 'code-katas-0.1' to it
adding 'code-katas-0.1/PKG-INFO'
adding 'code-katas-0.1/setup.cfg'
adding 'code-katas-0.1/setup.py'
adding 'code-katas-0.1/code_katas.egg-info/dependency_links.txt'
adding 'code-katas-0.1/code_katas.egg-info/PKG-INFO'
adding 'code-katas-0.1/code_katas.egg-info/requires.txt'
adding 'code-katas-0.1/code_katas.egg-info/SOURCES.txt'
adding 'code-katas-0.1/code_katas.egg-info/top_level.txt'
removing 'code-katas-0.1' (and everything under it)
